{"numFailedTestSuites":1,"numFailedTests":2,"numPassedTestSuites":0,"numPassedTests":7,"numPendingTestSuites":0,"numPendingTests":0,"numRuntimeErrorTestSuites":0,"numTodoTests":0,"numTotalTestSuites":1,"numTotalTests":9,"openHandles":[],"snapshot":{"added":0,"didUpdate":false,"failure":false,"filesAdded":0,"filesRemoved":0,"filesRemovedList":[],"filesUnmatched":0,"filesUpdated":0,"matched":0,"total":0,"unchecked":0,"uncheckedKeysByFile":[],"unmatched":0,"updated":0},"startTime":1757660754856,"success":false,"testResults":[{"assertionResults":[{"ancestorTitles":["ProctorClient","Security Features"],"failureMessages":["Error: \u001b[2mexpect(\u001b[22m\u001b[31mreceived\u001b[39m\u001b[2m).\u001b[22mtoThrow\u001b[2m(\u001b[22m\u001b[32mexpected\u001b[39m\u001b[2m)\u001b[22m\n\nExpected substring: \u001b[32m\"Secure WebSocket connection (WSS) required in production\"\u001b[39m\n\nReceived function did not throw\n    at Object.<anonymous> (C:\\Users\\NandhakumarArumugam\\Desktop\\ayphen-hire\\frontend\\__tests__\\lib\\proctoring\\ProctorClient.test.ts:51:40)\n    at Promise.then.completed (C:\\Users\\NandhakumarArumugam\\Desktop\\ayphen-hire\\frontend\\node_modules\\jest-circus\\build\\utils.js:391:28)\n    at new Promise (<anonymous>)\n    at callAsyncCircusFn (C:\\Users\\NandhakumarArumugam\\Desktop\\ayphen-hire\\frontend\\node_modules\\jest-circus\\build\\utils.js:316:10)\n    at _callCircusTest (C:\\Users\\NandhakumarArumugam\\Desktop\\ayphen-hire\\frontend\\node_modules\\jest-circus\\build\\run.js:218:40)\n    at _runTest (C:\\Users\\NandhakumarArumugam\\Desktop\\ayphen-hire\\frontend\\node_modules\\jest-circus\\build\\run.js:155:3)\n    at _runTestsForDescribeBlock (C:\\Users\\NandhakumarArumugam\\Desktop\\ayphen-hire\\frontend\\node_modules\\jest-circus\\build\\run.js:66:9)\n    at _runTestsForDescribeBlock (C:\\Users\\NandhakumarArumugam\\Desktop\\ayphen-hire\\frontend\\node_modules\\jest-circus\\build\\run.js:60:9)\n    at _runTestsForDescribeBlock (C:\\Users\\NandhakumarArumugam\\Desktop\\ayphen-hire\\frontend\\node_modules\\jest-circus\\build\\run.js:60:9)\n    at run (C:\\Users\\NandhakumarArumugam\\Desktop\\ayphen-hire\\frontend\\node_modules\\jest-circus\\build\\run.js:25:3)\n    at runAndTransformResultsToJestFormat (C:\\Users\\NandhakumarArumugam\\Desktop\\ayphen-hire\\frontend\\node_modules\\jest-circus\\build\\legacy-code-todo-rewrite\\jestAdapterInit.js:170:21)\n    at jestAdapter (C:\\Users\\NandhakumarArumugam\\Desktop\\ayphen-hire\\frontend\\node_modules\\jest-circus\\build\\legacy-code-todo-rewrite\\jestAdapter.js:82:19)\n    at runTestInternal (C:\\Users\\NandhakumarArumugam\\Desktop\\ayphen-hire\\frontend\\node_modules\\jest-runner\\build\\runTest.js:389:16)\n    at runTest (C:\\Users\\NandhakumarArumugam\\Desktop\\ayphen-hire\\frontend\\node_modules\\jest-runner\\build\\runTest.js:475:34)\n    at TestRunner.runTests (C:\\Users\\NandhakumarArumugam\\Desktop\\ayphen-hire\\frontend\\node_modules\\jest-runner\\build\\index.js:101:12)\n    at TestScheduler.scheduleTests (C:\\Users\\NandhakumarArumugam\\Desktop\\ayphen-hire\\frontend\\node_modules\\@jest\\core\\build\\TestScheduler.js:333:13)\n    at runJest (C:\\Users\\NandhakumarArumugam\\Desktop\\ayphen-hire\\frontend\\node_modules\\@jest\\core\\build\\runJest.js:404:19)\n    at _run10000 (C:\\Users\\NandhakumarArumugam\\Desktop\\ayphen-hire\\frontend\\node_modules\\@jest\\core\\build\\cli\\index.js:320:7)\n    at runCLI (C:\\Users\\NandhakumarArumugam\\Desktop\\ayphen-hire\\frontend\\node_modules\\@jest\\core\\build\\cli\\index.js:173:3)\n    at Object.run (C:\\Users\\NandhakumarArumugam\\Desktop\\ayphen-hire\\frontend\\node_modules\\jest-cli\\build\\cli\\index.js:155:37)"],"fullName":"ProctorClient Security Features should enforce WSS in production","location":null,"status":"failed","title":"should enforce WSS in production"},{"ancestorTitles":["ProctorClient","Security Features"],"failureMessages":[],"fullName":"ProctorClient Security Features should allow WSS in production","location":null,"status":"passed","title":"should allow WSS in production"},{"ancestorTitles":["ProctorClient","Security Features"],"failureMessages":[],"fullName":"ProctorClient Security Features should use binary data transfer","location":null,"status":"passed","title":"should use binary data transfer"},{"ancestorTitles":["ProctorClient","Security Features"],"failureMessages":[],"fullName":"ProctorClient Security Features should handle connection security validation","location":null,"status":"passed","title":"should handle connection security validation"},{"ancestorTitles":["ProctorClient","Security Features"],"failureMessages":["Error: thrown: \"Exceeded timeout of 5000 ms for a test.\nUse jest.setTimeout(newTimeout) to increase the timeout value, if this is a long-running test.\"\n    at C:\\Users\\NandhakumarArumugam\\Desktop\\ayphen-hire\\frontend\\__tests__\\lib\\proctoring\\ProctorClient.test.ts:95:7\n    at _dispatchDescribe (C:\\Users\\NandhakumarArumugam\\Desktop\\ayphen-hire\\frontend\\node_modules\\jest-circus\\build\\index.js:98:26)\n    at describe (C:\\Users\\NandhakumarArumugam\\Desktop\\ayphen-hire\\frontend\\node_modules\\jest-circus\\build\\index.js:60:5)\n    at C:\\Users\\NandhakumarArumugam\\Desktop\\ayphen-hire\\frontend\\__tests__\\lib\\proctoring\\ProctorClient.test.ts:45:11\n    at _dispatchDescribe (C:\\Users\\NandhakumarArumugam\\Desktop\\ayphen-hire\\frontend\\node_modules\\jest-circus\\build\\index.js:98:26)\n    at describe (C:\\Users\\NandhakumarArumugam\\Desktop\\ayphen-hire\\frontend\\node_modules\\jest-circus\\build\\index.js:60:5)\n    at Object.<anonymous> (C:\\Users\\NandhakumarArumugam\\Desktop\\ayphen-hire\\frontend\\__tests__\\lib\\proctoring\\ProctorClient.test.ts:15:9)\n    at Runtime._execModule (C:\\Users\\NandhakumarArumugam\\Desktop\\ayphen-hire\\frontend\\node_modules\\jest-runtime\\build\\index.js:1646:24)\n    at Runtime._loadModule (C:\\Users\\NandhakumarArumugam\\Desktop\\ayphen-hire\\frontend\\node_modules\\jest-runtime\\build\\index.js:1185:12)\n    at Runtime.requireModule (C:\\Users\\NandhakumarArumugam\\Desktop\\ayphen-hire\\frontend\\node_modules\\jest-runtime\\build\\index.js:1009:12)\n    at jestAdapter (C:\\Users\\NandhakumarArumugam\\Desktop\\ayphen-hire\\frontend\\node_modules\\jest-circus\\build\\legacy-code-todo-rewrite\\jestAdapter.js:79:13)\n    at runTestInternal (C:\\Users\\NandhakumarArumugam\\Desktop\\ayphen-hire\\frontend\\node_modules\\jest-runner\\build\\runTest.js:389:16)\n    at runTest (C:\\Users\\NandhakumarArumugam\\Desktop\\ayphen-hire\\frontend\\node_modules\\jest-runner\\build\\runTest.js:475:34)\n    at TestRunner.runTests (C:\\Users\\NandhakumarArumugam\\Desktop\\ayphen-hire\\frontend\\node_modules\\jest-runner\\build\\index.js:101:12)\n    at TestScheduler.scheduleTests (C:\\Users\\NandhakumarArumugam\\Desktop\\ayphen-hire\\frontend\\node_modules\\@jest\\core\\build\\TestScheduler.js:333:13)\n    at runJest (C:\\Users\\NandhakumarArumugam\\Desktop\\ayphen-hire\\frontend\\node_modules\\@jest\\core\\build\\runJest.js:404:19)\n    at _run10000 (C:\\Users\\NandhakumarArumugam\\Desktop\\ayphen-hire\\frontend\\node_modules\\@jest\\core\\build\\cli\\index.js:320:7)\n    at runCLI (C:\\Users\\NandhakumarArumugam\\Desktop\\ayphen-hire\\frontend\\node_modules\\@jest\\core\\build\\cli\\index.js:173:3)\n    at Object.run (C:\\Users\\NandhakumarArumugam\\Desktop\\ayphen-hire\\frontend\\node_modules\\jest-cli\\build\\cli\\index.js:155:37)"],"fullName":"ProctorClient Security Features should implement automatic reconnection with exponential backoff","location":null,"status":"failed","title":"should implement automatic reconnection with exponential backoff"},{"ancestorTitles":["ProctorClient","Protocol Handling"],"failureMessages":[],"fullName":"ProctorClient Protocol Handling should handle violations correctly","location":null,"status":"passed","title":"should handle violations correctly"},{"ancestorTitles":["ProctorClient","Protocol Handling"],"failureMessages":[],"fullName":"ProctorClient Protocol Handling should handle metrics updates","location":null,"status":"passed","title":"should handle metrics updates"},{"ancestorTitles":["ProctorClient","Protocol Handling"],"failureMessages":[],"fullName":"ProctorClient Protocol Handling should handle connection errors gracefully","location":null,"status":"passed","title":"should handle connection errors gracefully"},{"ancestorTitles":["ProctorClient","Cleanup"],"failureMessages":[],"fullName":"ProctorClient Cleanup should disconnect cleanly","location":null,"status":"passed","title":"should disconnect cleanly"}],"endTime":1757660761089,"message":"\u001b[1m\u001b[31m  \u001b[1m● \u001b[22m\u001b[1mProctorClient › Security Features › should enforce WSS in production\u001b[39m\u001b[22m\n\n    \u001b[2mexpect(\u001b[22m\u001b[31mreceived\u001b[39m\u001b[2m).\u001b[22mtoThrow\u001b[2m(\u001b[22m\u001b[32mexpected\u001b[39m\u001b[2m)\u001b[22m\n\n    Expected substring: \u001b[32m\"Secure WebSocket connection (WSS) required in production\"\u001b[39m\n\n    Received function did not throw\n\u001b[2m\u001b[22m\n\u001b[2m    \u001b[0m \u001b[90m 49 |\u001b[39m       \u001b[22m\n\u001b[2m     \u001b[90m 50 |\u001b[39m       \u001b[36mtry\u001b[39m {\u001b[22m\n\u001b[2m    \u001b[31m\u001b[1m>\u001b[22m\u001b[2m\u001b[39m\u001b[90m 51 |\u001b[39m         expect(() \u001b[33m=>\u001b[39m client\u001b[33m.\u001b[39mconnect())\u001b[33m.\u001b[39mtoThrow(\u001b[32m'Secure WebSocket connection (WSS) required in production'\u001b[39m)\u001b[33m;\u001b[39m\u001b[22m\n\u001b[2m     \u001b[90m    |\u001b[39m                                        \u001b[31m\u001b[1m^\u001b[22m\u001b[2m\u001b[39m\u001b[22m\n\u001b[2m     \u001b[90m 52 |\u001b[39m       } \u001b[36mfinally\u001b[39m {\u001b[22m\n\u001b[2m     \u001b[90m 53 |\u001b[39m         restoreEnv()\u001b[33m;\u001b[39m\u001b[22m\n\u001b[2m     \u001b[90m 54 |\u001b[39m       }\u001b[0m\u001b[22m\n\u001b[2m\u001b[22m\n\u001b[2m      \u001b[2mat Object.<anonymous> (\u001b[22m\u001b[2m\u001b[0m\u001b[36m__tests__/lib/proctoring/ProctorClient.test.ts\u001b[39m\u001b[0m\u001b[2m:51:40)\u001b[22m\u001b[2m\u001b[22m\n\u001b[2m      \u001b[2mat TestScheduler.scheduleTests (\u001b[22m\u001b[2mnode_modules/@jest/core/build/TestScheduler.js\u001b[2m:333:13)\u001b[22m\u001b[2m\u001b[22m\n\u001b[2m      \u001b[2mat runJest (\u001b[22m\u001b[2mnode_modules/@jest/core/build/runJest.js\u001b[2m:404:19)\u001b[22m\u001b[2m\u001b[22m\n\u001b[2m      \u001b[2mat _run10000 (\u001b[22m\u001b[2mnode_modules/@jest/core/build/cli/index.js\u001b[2m:320:7)\u001b[22m\u001b[2m\u001b[22m\n\u001b[2m      \u001b[2mat runCLI (\u001b[22m\u001b[2mnode_modules/@jest/core/build/cli/index.js\u001b[2m:173:3)\u001b[22m\u001b[2m\u001b[22m\n\n\u001b[1m\u001b[31m  \u001b[1m● \u001b[22m\u001b[1mProctorClient › Security Features › should implement automatic reconnection with exponential backoff\u001b[39m\u001b[22m\n\n    thrown: \"Exceeded timeout of 5000 ms for a test.\n    Use jest.setTimeout(newTimeout) to increase the timeout value, if this is a long-running test.\"\n\u001b[2m\u001b[22m\n\u001b[2m    \u001b[0m \u001b[90m 93 |\u001b[39m     })\u001b[33m;\u001b[39m\u001b[22m\n\u001b[2m     \u001b[90m 94 |\u001b[39m\u001b[22m\n\u001b[2m    \u001b[31m\u001b[1m>\u001b[22m\u001b[2m\u001b[39m\u001b[90m 95 |\u001b[39m     it(\u001b[32m'should implement automatic reconnection with exponential backoff'\u001b[39m\u001b[33m,\u001b[39m \u001b[36masync\u001b[39m () \u001b[33m=>\u001b[39m {\u001b[22m\n\u001b[2m     \u001b[90m    |\u001b[39m       \u001b[31m\u001b[1m^\u001b[22m\u001b[2m\u001b[39m\u001b[22m\n\u001b[2m     \u001b[90m 96 |\u001b[39m       \u001b[36mconst\u001b[39m restoreEnv \u001b[33m=\u001b[39m mockEnv(\u001b[32m'development'\u001b[39m)\u001b[33m;\u001b[39m\u001b[22m\n\u001b[2m     \u001b[90m 97 |\u001b[39m       \u001b[36mtry\u001b[39m {\u001b[22m\n\u001b[2m     \u001b[90m 98 |\u001b[39m         jest\u001b[33m.\u001b[39museFakeTimers()\u001b[33m;\u001b[39m\u001b[0m\u001b[22m\n\u001b[2m\u001b[22m\n\u001b[2m      \u001b[2mat \u001b[22m\u001b[2m\u001b[0m\u001b[36m__tests__/lib/proctoring/ProctorClient.test.ts\u001b[39m\u001b[0m\u001b[2m:95:7\u001b[22m\u001b[2m\u001b[22m\n\u001b[2m      \u001b[2mat \u001b[22m\u001b[2m\u001b[0m\u001b[36m__tests__/lib/proctoring/ProctorClient.test.ts\u001b[39m\u001b[0m\u001b[2m:45:11\u001b[22m\u001b[2m\u001b[22m\n\u001b[2m      \u001b[2mat Object.<anonymous> (\u001b[22m\u001b[2m\u001b[0m\u001b[36m__tests__/lib/proctoring/ProctorClient.test.ts\u001b[39m\u001b[0m\u001b[2m:15:9)\u001b[22m\u001b[2m\u001b[22m\n\u001b[2m      \u001b[2mat TestScheduler.scheduleTests (\u001b[22m\u001b[2mnode_modules/@jest/core/build/TestScheduler.js\u001b[2m:333:13)\u001b[22m\u001b[2m\u001b[22m\n\u001b[2m      \u001b[2mat runJest (\u001b[22m\u001b[2mnode_modules/@jest/core/build/runJest.js\u001b[2m:404:19)\u001b[22m\u001b[2m\u001b[22m\n\u001b[2m      \u001b[2mat _run10000 (\u001b[22m\u001b[2mnode_modules/@jest/core/build/cli/index.js\u001b[2m:320:7)\u001b[22m\u001b[2m\u001b[22m\n\u001b[2m      \u001b[2mat runCLI (\u001b[22m\u001b[2mnode_modules/@jest/core/build/cli/index.js\u001b[2m:173:3)\u001b[22m\u001b[2m\u001b[22m\n","name":"C:\\Users\\NandhakumarArumugam\\Desktop\\ayphen-hire\\frontend\\__tests__\\lib\\proctoring\\ProctorClient.test.ts","startTime":1757660755379,"status":"failed","summary":""}],"wasInterrupted":false}